BEGIN;
BEGIN
EXPLAIN (ANALYZE, BUFFERS)
select
	s_name,
	count(*) as numwait
from
	supplier,
	lineitem l1,
	orders,
	nation
where
	s_suppkey = l1.l_suppkey
	and o_orderkey = l1.l_orderkey
	and o_orderstatus = 'F'
	and l1.l_receiptdate > l1.l_commitdate
	and exists (
		select
			*
		from
			lineitem l2
		where
			l2.l_orderkey = l1.l_orderkey
			and l2.l_suppkey <> l1.l_suppkey
	)
	and not exists (
		select
			*
		from
			lineitem l3
		where
			l3.l_orderkey = l1.l_orderkey
			and l3.l_suppkey <> l1.l_suppkey
			and l3.l_receiptdate > l3.l_commitdate
	)
	and s_nationkey = n_nationkey
	and n_name = 'BRAZIL'
group by
	s_name
order by
	numwait desc,
	s_name
LIMIT 100;
                                                                                                 QUERY PLAN                                                                                                 
------------------------------------------------------------------------------------------------------------------------------------------------------------------------------------------------------------
 Limit  (cost=1951038.83..1951038.84 rows=1 width=26) (actual time=40574.250..40574.266 rows=100 loops=1)
   Buffers: shared hit=13350141 read=1186612
   ->  Sort  (cost=1951038.83..1951038.84 rows=1 width=26) (actual time=40574.247..40574.253 rows=100 loops=1)
         Sort Key: (count(*)), supplier.s_name
         Sort Method: top-N heapsort  Memory: 32kB
         Buffers: shared hit=13350141 read=1186612
         ->  HashAggregate  (cost=1951038.81..1951038.82 rows=1 width=26) (actual time=40572.225..40573.225 rows=3995 loops=1)
               Group Key: supplier.s_name
               Buffers: shared hit=13350133 read=1186612
               ->  Nested Loop Anti Join  (cost=2443.74..1951038.81 rows=1 width=26) (actual time=23.090..40524.986 rows=39596 loops=1)
                     Buffers: shared hit=13350133 read=1186612
                     ->  Nested Loop Semi Join  (cost=2443.17..1951037.50 rows=1 width=34) (actual time=23.024..38062.743 rows=704944 loops=1)
                           Join Filter: (orders.o_orderkey = l2.l_orderkey)
                           Buffers: shared hit=9820202 read=1183664
                           ->  Nested Loop  (cost=2442.61..1431785.89 rows=388642 width=38) (actual time=22.938..33372.661 rows=731657 loops=1)
                                 Buffers: shared hit=6321233 read=1018937
                                 ->  Hash Join  (cost=2442.17..1010779.66 rows=799780 width=34) (actual time=22.759..25403.950 rows=1516319 loops=1)
                                       Hash Cond: (l1.l_suppkey = supplier.s_suppkey)
                                       Buffers: shared hit=357112 read=909439
                                       ->  Index Scan using lineitem_l_orderkey_idx_part1 on lineitem l1  (cost=0.56..925283.66 rows=20015091 width=8) (actual time=0.096..19173.228 rows=37967116 loops=1)
                                             Buffers: shared hit=355260 read=909426
                                       ->  Hash  (cost=2391.61..2391.61 rows=4000 width=30) (actual time=22.613..22.613 rows=3995 loops=1)
                                             Buckets: 4096  Batches: 1  Memory Usage: 282kB
                                             Buffers: shared hit=1849 read=13
                                             ->  Nested Loop  (cost=79.29..2391.61 rows=4000 width=30) (actual time=1.285..21.484 rows=3995 loops=1)
                                                   Buffers: shared hit=1849 read=13
                                                   ->  Seq Scan on nation  (cost=0.00..1.31 rows=1 width=4) (actual time=0.007..0.014 rows=1 loops=1)
                                                         Filter: (n_name = 'BRAZIL'::bpchar)
                                                         Rows Removed by Filter: 24
                                                         Buffers: shared hit=1
                                                   ->  Bitmap Heap Scan on supplier  (cost=79.29..2350.29 rows=4000 width=34) (actual time=1.271..20.575 rows=3995 loops=1)
                                                         Recheck Cond: (s_nationkey = nation.n_nationkey)
                                                         Heap Blocks: exact=1848
                                                         Buffers: shared hit=1848 read=13
                                                         ->  Bitmap Index Scan on supplier_s_nationkey_s_suppkey_idx  (cost=0.00..78.29 rows=4000 width=0) (actual time=0.963..0.963 rows=3995 loops=1)
                                                               Index Cond: (s_nationkey = nation.n_nationkey)
                                                               Buffers: shared read=13
                                 ->  Index Scan using pk_orders on orders  (cost=0.43..0.52 rows=1 width=4) (actual time=0.004..0.005 rows=0 loops=1516319)
                                       Index Cond: (o_orderkey = l1.l_orderkey)
                                       Filter: (o_orderstatus = 'F'::bpchar)
                                       Rows Removed by Filter: 1
                                       Buffers: shared hit=5964121 read=109498
                           ->  Index Scan using pk_lineitem on lineitem l2  (cost=0.56..1.15 rows=15 width=8) (actual time=0.006..0.006 rows=1 loops=731657)
                                 Index Cond: (l_orderkey = l1.l_orderkey)
                                 Filter: (l_suppkey <> l1.l_suppkey)
                                 Rows Removed by Filter: 0
                                 Buffers: shared hit=3498969 read=164727
                     ->  Index Scan using lineitem_l_orderkey_idx_part1 on lineitem l3  (cost=0.56..0.91 rows=5 width=8) (actual time=0.003..0.003 rows=1 loops=704944)
                           Index Cond: (l_orderkey = l1.l_orderkey)
                           Filter: (l_suppkey <> l1.l_suppkey)
                           Rows Removed by Filter: 0
                           Buffers: shared hit=3529931 read=2948
 Planning time: 15.454 ms
 Execution time: 40574.627 ms
(54 rows)

COMMIT;
COMMIT
