BEGIN;
BEGIN
EXPLAIN
select
	l_orderkey,
	sum(l_extendedprice * (1 - l_discount)) as revenue,
	o_orderdate,
	o_shippriority
from
	customer,
	orders,
	lineitem
where
	c_mktsegment = 'HOUSEHOLD'
	and c_custkey = o_custkey
	and l_orderkey = o_orderkey
	and o_orderdate < date '1995-03-06'
	and l_shipdate > date '1995-03-06'
group by
	l_orderkey,
	o_orderdate,
	o_shippriority
order by
	revenue desc,
	o_orderdate
LIMIT 10;
                                                                     QUERY PLAN                                                                     
----------------------------------------------------------------------------------------------------------------------------------------------------
 Limit  (cost=2667415.37..2667415.40 rows=10 width=20)
   ->  Sort  (cost=2667415.37..2675252.70 rows=3134932 width=20)
         Sort Key: (sum((lineitem.l_extendedprice * (1::double precision - lineitem.l_discount)))), orders.o_orderdate
         ->  HashAggregate  (cost=2568321.30..2599670.62 rows=3134932 width=20)
               Group Key: lineitem.l_orderkey, orders.o_orderdate, orders.o_shippriority
               ->  Hash Join  (cost=550420.33..2521297.32 rows=3134932 width=20)
                     Hash Cond: (lineitem.l_orderkey = orders.o_orderkey)
                     ->  Seq Scan on lineitem  (cost=0.00..1817040.90 rows=32663140 width=12)
                           Filter: (l_shipdate > '1995-03-06'::date)
                     ->  Hash  (cost=532406.54..532406.54 rows=1441103 width=12)
                           ->  Hash Join  (cost=49686.93..532406.54 rows=1441103 width=12)
                                 Hash Cond: (orders.o_custkey = customer.c_custkey)
                                 ->  Seq Scan on orders  (cost=0.00..441209.30 rows=7226473 width=16)
                                       Filter: (o_orderdate < '1995-03-06'::date)
                                 ->  Hash  (cost=45947.81..45947.81 rows=299130 width=4)
                                       ->  Bitmap Heap Scan on customer  (cost=6930.69..45947.81 rows=299130 width=4)
                                             Recheck Cond: (c_mktsegment = 'HOUSEHOLD'::bpchar)
                                             ->  Bitmap Index Scan on customer_c_mktsegment_c_custkey_idx  (cost=0.00..6855.90 rows=299130 width=0)
                                                   Index Cond: (c_mktsegment = 'HOUSEHOLD'::bpchar)
 Planning time: 2.567 ms
(20 rows)

COMMIT;
COMMIT
