BEGIN;
BEGIN
EXPLAIN (ANALYZE, BUFFERS)
select
	s_name,
	count(*) as numwait
from
	supplier,
	lineitem l1,
	orders,
	nation
where
	s_suppkey = l1.l_suppkey
	and o_orderkey = l1.l_orderkey
	and o_orderstatus = 'F'
	and l1.l_receiptdate > l1.l_commitdate
	and exists (
		select
			*
		from
			lineitem l2
		where
			l2.l_orderkey = l1.l_orderkey
			and l2.l_suppkey <> l1.l_suppkey
	)
	and not exists (
		select
			*
		from
			lineitem l3
		where
			l3.l_orderkey = l1.l_orderkey
			and l3.l_suppkey <> l1.l_suppkey
			and l3.l_receiptdate > l3.l_commitdate
	)
	and s_nationkey = n_nationkey
	and n_name = 'ARGENTINA'
group by
	s_name
order by
	numwait desc,
	s_name
LIMIT 100;
                                                                                                 QUERY PLAN                                                                                                 
------------------------------------------------------------------------------------------------------------------------------------------------------------------------------------------------------------
 Limit  (cost=1974608.33..1974608.34 rows=1 width=26) (actual time=41651.590..41651.608 rows=100 loops=1)
   Buffers: shared hit=14180184 read=438716 dirtied=21 written=2745
   ->  Sort  (cost=1974608.33..1974608.34 rows=1 width=26) (actual time=41651.587..41651.595 rows=100 loops=1)
         Sort Key: (count(*)), supplier.s_name
         Sort Method: top-N heapsort  Memory: 32kB
         Buffers: shared hit=14180184 read=438716 dirtied=21 written=2745
         ->  HashAggregate  (cost=1974608.31..1974608.32 rows=1 width=26) (actual time=41648.400..41650.336 rows=4007 loops=1)
               Group Key: supplier.s_name
               Buffers: shared hit=14180176 read=438716 dirtied=21 written=2745
               ->  Nested Loop Anti Join  (cost=2443.74..1974608.31 rows=1 width=26) (actual time=14.228..41566.894 rows=39892 loops=1)
                     Buffers: shared hit=14180176 read=438716 dirtied=21 written=2745
                     ->  Nested Loop Semi Join  (cost=2443.17..1974607.00 rows=1 width=34) (actual time=13.547..38849.965 rows=708460 loops=1)
                           Join Filter: (orders.o_orderkey = l2.l_orderkey)
                           Buffers: shared hit=10630624 read=437499 dirtied=21 written=2741
                           ->  Nested Loop  (cost=2442.61..1449001.69 rows=393302 width=38) (actual time=13.494..34599.453 rows=735039 loops=1)
                                 Buffers: shared hit=6975260 read=412066 dirtied=21 written=2653
                                 ->  Hash Join  (cost=2442.17..1022869.12 rows=809369 width=34) (actual time=13.410..26903.554 rows=1521965 loops=1)
                                       Hash Cond: (l1.l_suppkey = supplier.s_suppkey)
                                       Buffers: shared hit=895583 read=395696 written=2594
                                       ->  Index Scan using lineitem_l_orderkey_idx_part1 on lineitem l1  (cost=0.56..936377.31 rows=20255071 width=8) (actual time=0.089..17954.773 rows=37966199 loops=1)
                                             Buffers: shared hit=893734 read=395683 written=2594
                                       ->  Hash  (cost=2391.61..2391.61 rows=4000 width=30) (actual time=13.255..13.255 rows=4007 loops=1)
                                             Buckets: 4096  Batches: 1  Memory Usage: 283kB
                                             Buffers: shared hit=1846 read=13
                                             ->  Nested Loop  (cost=79.29..2391.61 rows=4000 width=30) (actual time=1.209..12.019 rows=4007 loops=1)
                                                   Buffers: shared hit=1846 read=13
                                                   ->  Seq Scan on nation  (cost=0.00..1.31 rows=1 width=4) (actual time=0.010..0.025 rows=1 loops=1)
                                                         Filter: (n_name = 'ARGENTINA'::bpchar)
                                                         Rows Removed by Filter: 24
                                                         Buffers: shared hit=1
                                                   ->  Bitmap Heap Scan on supplier  (cost=79.29..2350.29 rows=4000 width=34) (actual time=1.193..11.191 rows=4007 loops=1)
                                                         Recheck Cond: (s_nationkey = nation.n_nationkey)
                                                         Heap Blocks: exact=1845
                                                         Buffers: shared hit=1845 read=13
                                                         ->  Bitmap Index Scan on supplier_s_nationkey_s_suppkey_idx  (cost=0.00..78.29 rows=4000 width=0) (actual time=0.899..0.899 rows=4007 loops=1)
                                                               Index Cond: (s_nationkey = nation.n_nationkey)
                                                               Buffers: shared read=13
                                 ->  Index Scan using pk_orders on orders  (cost=0.43..0.52 rows=1 width=4) (actual time=0.004..0.004 rows=0 loops=1521965)
                                       Index Cond: (o_orderkey = l1.l_orderkey)
                                       Filter: (o_orderstatus = 'F'::bpchar)
                                       Rows Removed by Filter: 1
                                       Buffers: shared hit=6079677 read=16370 dirtied=21 written=59
                           ->  Index Scan using pk_lineitem on lineitem l2  (cost=0.56..1.15 rows=15 width=8) (actual time=0.005..0.005 rows=1 loops=735039)
                                 Index Cond: (l_orderkey = l1.l_orderkey)
                                 Filter: (l_suppkey <> l1.l_suppkey)
                                 Rows Removed by Filter: 0
                                 Buffers: shared hit=3655364 read=25433 written=88
                     ->  Index Scan using lineitem_l_orderkey_idx_part1 on lineitem l3  (cost=0.56..0.91 rows=5 width=8) (actual time=0.003..0.003 rows=1 loops=708460)
                           Index Cond: (l_orderkey = l1.l_orderkey)
                           Filter: (l_suppkey <> l1.l_suppkey)
                           Rows Removed by Filter: 0
                           Buffers: shared hit=3549552 read=1217 written=4
 Planning time: 10.697 ms
 Execution time: 41652.080 ms
(54 rows)

COMMIT;
COMMIT
