BEGIN;
BEGIN
EXPLAIN (ANALYZE, BUFFERS)
select
	sum(l_extendedprice) / 7.0 as avg_yearly
from
	lineitem,
	part
where
	p_partkey = l_partkey
	and p_brand = 'Brand#55'
	and p_container = 'WRAP PACK'
	and l_quantity < (
		select
			0.2 * avg(l_quantity)
		from
			lineitem
		where
			l_partkey = p_partkey
	);
                                                                                               QUERY PLAN                                                                                               
--------------------------------------------------------------------------------------------------------------------------------------------------------------------------------------------------------
 Aggregate  (cost=358553.40..358553.41 rows=1 width=4) (actual time=616.627..616.627 rows=1 loops=1)
   Buffers: shared hit=61429 read=24887 dirtied=65
   ->  Nested Loop  (cost=130.19..358502.81 rows=20236 width=4) (actual time=0.512..615.582 rows=5586 loops=1)
         Buffers: shared hit=61429 read=24887 dirtied=65
         ->  Index Only Scan using part_p_container_p_brand_p_partkey_idx on part  (cost=0.43..7965.95 rows=2018 width=4) (actual time=0.118..31.454 rows=2063 loops=1)
               Index Cond: ((p_container = 'WRAP PACK'::bpchar) AND (p_brand = 'Brand#55'::bpchar))
               Heap Fetches: 2063
               Buffers: shared read=2023
         ->  Index Scan using lineitem_l_partkey_l_quantity_l_shipmode_idx on lineitem  (cost=129.76..173.61 rows=10 width=12) (actual time=0.006..0.007 rows=3 loops=2063)
               Index Cond: ((l_partkey = part.p_partkey) AND (l_quantity < (SubPlan 1)))
               Buffers: shared hit=13889
               SubPlan 1
                 ->  Aggregate  (cost=129.19..129.20 rows=1 width=4) (actual time=0.273..0.273 rows=1 loops=2063)
                       Buffers: shared hit=47540 read=22864 dirtied=65
                       ->  Index Only Scan using lineitem_l_partkey_l_quantity_l_shipmode_idx on lineitem lineitem_1  (cost=0.56..129.11 rows=31 width=4) (actual time=0.032..0.265 rows=30 loops=2063)
                             Index Cond: (l_partkey = part.p_partkey)
                             Heap Fetches: 61808
                             Buffers: shared hit=47540 read=22864 dirtied=65
               SubPlan 1
                 ->  Aggregate  (cost=129.19..129.20 rows=1 width=4) (actual time=0.273..0.273 rows=1 loops=2063)
                       Buffers: shared hit=47540 read=22864 dirtied=65
                       ->  Index Only Scan using lineitem_l_partkey_l_quantity_l_shipmode_idx on lineitem lineitem_1  (cost=0.56..129.11 rows=31 width=4) (actual time=0.032..0.265 rows=30 loops=2063)
                             Index Cond: (l_partkey = part.p_partkey)
                             Heap Fetches: 61808
                             Buffers: shared hit=47540 read=22864 dirtied=65
 Planning time: 3.118 ms
 Execution time: 616.809 ms
(27 rows)

COMMIT;
COMMIT
