BEGIN;
BEGIN
EXPLAIN (ANALYZE, BUFFERS)
select
	l_returnflag,
	l_linestatus,
	sum(l_quantity) as sum_qty,
	sum(l_extendedprice) as sum_base_price,
	sum(l_extendedprice * (1 - l_discount)) as sum_disc_price,
	sum(l_extendedprice * (1 - l_discount) * (1 + l_tax)) as sum_charge,
	avg(l_quantity) as avg_qty,
	avg(l_extendedprice) as avg_price,
	avg(l_discount) as avg_disc,
	count(*) as count_order
from
	lineitem
where
	l_shipdate <= date '1998-12-01' - interval '115 days'
group by
	l_returnflag,
	l_linestatus
order by
	l_returnflag,
	l_linestatus;
                                                              QUERY PLAN                                                               
---------------------------------------------------------------------------------------------------------------------------------------
 Sort  (cost=4207920.24..4207920.26 rows=6 width=20) (actual time=89241.511..89241.512 rows=4 loops=1)
   Sort Key: l_returnflag, l_linestatus
   Sort Method: quicksort  Memory: 25kB
   Buffers: shared hit=573692 read=504501 written=5
   ->  HashAggregate  (cost=4207920.06..4207920.17 rows=6 width=20) (actual time=89241.441..89241.442 rows=4 loops=1)
         Group Key: l_returnflag, l_linestatus
         Buffers: shared hit=573687 read=504501 written=5
         ->  Seq Scan on lineitem  (cost=0.00..1836997.30 rows=59273069 width=20) (actual time=0.025..22040.097 rows=58669789 loops=1)
               Filter: (l_shipdate <= '1998-08-08 00:00:00'::timestamp without time zone)
               Rows Removed by Filter: 1375205
               Buffers: shared hit=573687 read=504501 written=5
 Planning time: 1.727 ms
 Execution time: 89241.679 ms
(13 rows)

COMMIT;
COMMIT
