BEGIN;
BEGIN
EXPLAIN (ANALYZE, BUFFERS)
select
	s_name,
	count(*) as numwait
from
	supplier,
	lineitem l1,
	orders,
	nation
where
	s_suppkey = l1.l_suppkey
	and o_orderkey = l1.l_orderkey
	and o_orderstatus = 'F'
	and l1.l_receiptdate > l1.l_commitdate
	and exists (
		select
			*
		from
			lineitem l2
		where
			l2.l_orderkey = l1.l_orderkey
			and l2.l_suppkey <> l1.l_suppkey
	)
	and not exists (
		select
			*
		from
			lineitem l3
		where
			l3.l_orderkey = l1.l_orderkey
			and l3.l_suppkey <> l1.l_suppkey
			and l3.l_receiptdate > l3.l_commitdate
	)
	and s_nationkey = n_nationkey
	and n_name = 'INDONESIA'
group by
	s_name
order by
	numwait desc,
	s_name
LIMIT 100;
                                                                                                 QUERY PLAN                                                                                                 
------------------------------------------------------------------------------------------------------------------------------------------------------------------------------------------------------------
 Limit  (cost=1959971.22..1959971.22 rows=1 width=26) (actual time=48758.473..48758.491 rows=100 loops=1)
   Buffers: shared hit=13713434 read=768188 dirtied=601 written=19250
   ->  Sort  (cost=1959971.22..1959971.22 rows=1 width=26) (actual time=48758.469..48758.476 rows=100 loops=1)
         Sort Key: (count(*)), supplier.s_name
         Sort Method: top-N heapsort  Memory: 32kB
         Buffers: shared hit=13713434 read=768188 dirtied=601 written=19250
         ->  HashAggregate  (cost=1959971.20..1959971.21 rows=1 width=26) (actual time=48754.947..48757.222 rows=3974 loops=1)
               Group Key: supplier.s_name
               Buffers: shared hit=13713426 read=768188 dirtied=601 written=19250
               ->  Nested Loop Anti Join  (cost=2443.74..1959971.19 rows=1 width=26) (actual time=14.194..48664.372 rows=39333 loops=1)
                     Buffers: shared hit=13713426 read=768188 dirtied=601 written=19250
                     ->  Nested Loop Semi Join  (cost=2443.17..1959969.89 rows=1 width=34) (actual time=13.018..45777.379 rows=701471 loops=1)
                           Join Filter: (orders.o_orderkey = l2.l_orderkey)
                           Buffers: shared hit=10199838 read=766049 dirtied=601 written=19203
                           ->  Nested Loop  (cost=2442.61..1438302.08 rows=390415 width=38) (actual time=12.942..40131.378 rows=727934 loops=1)
                                 Buffers: shared hit=6695186 read=625511 dirtied=601 written=15822
                                 ->  Hash Join  (cost=2442.17..1015376.53 rows=803427 width=34) (actual time=12.920..31063.693 rows=1505842 loops=1)
                                       Hash Cond: (l1.l_suppkey = supplier.s_suppkey)
                                       Buffers: shared hit=697433 read=591810 dirtied=601 written=15284
                                       ->  Index Scan using lineitem_l_orderkey_idx_part1 on lineitem l1  (cost=0.56..929501.81 rows=20106357 width=8) (actual time=0.036..22171.840 rows=37929015 loops=1)
                                             Buffers: shared hit=695589 read=591797 dirtied=601 written=15283
                                       ->  Hash  (cost=2391.61..2391.61 rows=4000 width=30) (actual time=12.790..12.790 rows=3974 loops=1)
                                             Buckets: 4096  Batches: 1  Memory Usage: 281kB
                                             Buffers: shared hit=1841 read=13 written=1
                                             ->  Nested Loop  (cost=79.29..2391.61 rows=4000 width=30) (actual time=1.188..11.765 rows=3974 loops=1)
                                                   Buffers: shared hit=1841 read=13 written=1
                                                   ->  Seq Scan on nation  (cost=0.00..1.31 rows=1 width=4) (actual time=0.009..0.015 rows=1 loops=1)
                                                         Filter: (n_name = 'INDONESIA'::bpchar)
                                                         Rows Removed by Filter: 24
                                                         Buffers: shared hit=1
                                                   ->  Bitmap Heap Scan on supplier  (cost=79.29..2350.29 rows=4000 width=34) (actual time=1.173..11.002 rows=3974 loops=1)
                                                         Recheck Cond: (s_nationkey = nation.n_nationkey)
                                                         Heap Blocks: exact=1840
                                                         Buffers: shared hit=1840 read=13 written=1
                                                         ->  Bitmap Index Scan on supplier_s_nationkey_s_suppkey_idx  (cost=0.00..78.29 rows=4000 width=0) (actual time=0.887..0.887 rows=3974 loops=1)
                                                               Index Cond: (s_nationkey = nation.n_nationkey)
                                                               Buffers: shared read=13 written=1
                                 ->  Index Scan using pk_orders on orders  (cost=0.43..0.52 rows=1 width=4) (actual time=0.005..0.005 rows=0 loops=1505842)
                                       Index Cond: (o_orderkey = l1.l_orderkey)
                                       Filter: (o_orderstatus = 'F'::bpchar)
                                       Rows Removed by Filter: 1
                                       Buffers: shared hit=5997753 read=33701 written=538
                           ->  Index Scan using pk_lineitem on lineitem l2  (cost=0.56..1.15 rows=15 width=8) (actual time=0.007..0.007 rows=1 loops=727934)
                                 Index Cond: (l_orderkey = l1.l_orderkey)
                                 Filter: (l_suppkey <> l1.l_suppkey)
                                 Rows Removed by Filter: 0
                                 Buffers: shared hit=3504652 read=140538 written=3381
                     ->  Index Scan using lineitem_l_orderkey_idx_part1 on lineitem l3  (cost=0.56..0.91 rows=5 width=8) (actual time=0.003..0.003 rows=1 loops=701471)
                           Index Cond: (l_orderkey = l1.l_orderkey)
                           Filter: (l_suppkey <> l1.l_suppkey)
                           Rows Removed by Filter: 0
                           Buffers: shared hit=3513588 read=2139 written=47
 Planning time: 10.220 ms
 Execution time: 48758.967 ms
(54 rows)

COMMIT;
COMMIT
