BEGIN;
BEGIN
EXPLAIN (ANALYZE, BUFFERS)
select
	sum(l_extendedprice) / 7.0 as avg_yearly
from
	lineitem,
	part
where
	p_partkey = l_partkey
	and p_brand = 'Brand#52'
	and p_container = 'LG PACK'
	and l_quantity < (
		select
			0.2 * avg(l_quantity)
		from
			lineitem
		where
			l_partkey = p_partkey
	);
                                                                                               QUERY PLAN                                                                                               
--------------------------------------------------------------------------------------------------------------------------------------------------------------------------------------------------------
 Aggregate  (cost=351464.11..351464.12 rows=1 width=4) (actual time=673.657..673.657 rows=1 loops=1)
   Buffers: shared hit=57628 read=26437 dirtied=155
   ->  Nested Loop  (cost=130.19..351414.48 rows=19854 width=4) (actual time=0.766..672.762 rows=5303 loops=1)
         Buffers: shared hit=57628 read=26437 dirtied=155
         ->  Index Only Scan using part_p_container_p_brand_p_partkey_idx on part  (cost=0.43..7813.21 rows=1978 width=4) (actual time=0.154..31.453 rows=2009 loops=1)
               Index Cond: ((p_container = 'LG PACK'::bpchar) AND (p_brand = 'Brand#52'::bpchar))
               Heap Fetches: 2009
               Buffers: shared hit=144 read=1836
         ->  Index Scan using lineitem_l_partkey_l_quantity_l_shipmode_idx on lineitem  (cost=129.76..173.61 rows=10 width=12) (actual time=0.005..0.007 rows=3 loops=2009)
               Index Cond: ((l_partkey = part.p_partkey) AND (l_quantity < (SubPlan 1)))
               Buffers: shared hit=13382
               SubPlan 1
                 ->  Aggregate  (cost=129.19..129.20 rows=1 width=4) (actual time=0.309..0.309 rows=1 loops=2009)
                       Buffers: shared hit=44102 read=24601 dirtied=155
                       ->  Index Only Scan using lineitem_l_partkey_l_quantity_l_shipmode_idx on lineitem lineitem_1  (cost=0.56..129.11 rows=31 width=4) (actual time=0.035..0.302 rows=30 loops=2009)
                             Index Cond: (l_partkey = part.p_partkey)
                             Heap Fetches: 60362
                             Buffers: shared hit=44102 read=24601 dirtied=155
               SubPlan 1
                 ->  Aggregate  (cost=129.19..129.20 rows=1 width=4) (actual time=0.309..0.309 rows=1 loops=2009)
                       Buffers: shared hit=44102 read=24601 dirtied=155
                       ->  Index Only Scan using lineitem_l_partkey_l_quantity_l_shipmode_idx on lineitem lineitem_1  (cost=0.56..129.11 rows=31 width=4) (actual time=0.035..0.302 rows=30 loops=2009)
                             Index Cond: (l_partkey = part.p_partkey)
                             Heap Fetches: 60362
                             Buffers: shared hit=44102 read=24601 dirtied=155
 Planning time: 3.238 ms
 Execution time: 673.814 ms
(27 rows)

COMMIT;
COMMIT
