BEGIN;
BEGIN
EXPLAIN (ANALYZE, BUFFERS)
select
	s_name,
	count(*) as numwait
from
	supplier,
	lineitem l1,
	orders,
	nation
where
	s_suppkey = l1.l_suppkey
	and o_orderkey = l1.l_orderkey
	and o_orderstatus = 'F'
	and l1.l_receiptdate > l1.l_commitdate
	and exists (
		select
			*
		from
			lineitem l2
		where
			l2.l_orderkey = l1.l_orderkey
			and l2.l_suppkey <> l1.l_suppkey
	)
	and not exists (
		select
			*
		from
			lineitem l3
		where
			l3.l_orderkey = l1.l_orderkey
			and l3.l_suppkey <> l1.l_suppkey
			and l3.l_receiptdate > l3.l_commitdate
	)
	and s_nationkey = n_nationkey
	and n_name = 'KENYA'
group by
	s_name
order by
	numwait desc,
	s_name
LIMIT 100;
                                                                                                 QUERY PLAN                                                                                                 
------------------------------------------------------------------------------------------------------------------------------------------------------------------------------------------------------------
 Limit  (cost=1970662.34..1970662.35 rows=1 width=26) (actual time=47637.940..47637.959 rows=100 loops=1)
   Buffers: shared hit=14568413 read=175839 dirtied=74 written=1205
   ->  Sort  (cost=1970662.34..1970662.35 rows=1 width=26) (actual time=47637.938..47637.944 rows=100 loops=1)
         Sort Key: (count(*)), supplier.s_name
         Sort Method: top-N heapsort  Memory: 32kB
         Buffers: shared hit=14568413 read=175839 dirtied=74 written=1205
         ->  HashAggregate  (cost=1970662.32..1970662.33 rows=1 width=26) (actual time=47634.707..47636.689 rows=4044 loops=1)
               Group Key: supplier.s_name
               Buffers: shared hit=14568405 read=175839 dirtied=74 written=1205
               ->  Nested Loop Anti Join  (cost=2443.74..1970662.32 rows=1 width=26) (actual time=18.635..47556.318 rows=39689 loops=1)
                     Buffers: shared hit=14568405 read=175839 dirtied=74 written=1205
                     ->  Nested Loop Semi Join  (cost=2443.17..1970661.01 rows=1 width=34) (actual time=15.783..44270.663 rows=715249 loops=1)
                           Join Filter: (orders.o_orderkey = l2.l_orderkey)
                           Buffers: shared hit=10984172 read=175493 dirtied=74 written=1201
                           ->  Nested Loop  (cost=2442.61..1446119.35 rows=392522 width=38) (actual time=15.706..38814.154 rows=742188 loops=1)
                                 Buffers: shared hit=7287317 read=155849 dirtied=74 written=1153
                                 ->  Hash Join  (cost=2442.17..1020844.81 rows=807763 width=34) (actual time=15.548..29378.716 rows=1536549 loops=1)
                                       Hash Cond: (l1.l_suppkey = supplier.s_suppkey)
                                       Buffers: shared hit=1136460 read=152175 dirtied=1 written=1144
                                       ->  Index Scan using lineitem_l_orderkey_idx_part1 on lineitem l1  (cost=0.56..934519.81 rows=20214871 width=8) (actual time=0.093..19286.608 rows=37965800 loops=1)
                                             Buffers: shared hit=1134619 read=152162 dirtied=1 written=1144
                                       ->  Hash  (cost=2391.61..2391.61 rows=4000 width=30) (actual time=15.408..15.408 rows=4044 loops=1)
                                             Buckets: 4096  Batches: 1  Memory Usage: 285kB
                                             Buffers: shared hit=1838 read=13
                                             ->  Nested Loop  (cost=79.29..2391.61 rows=4000 width=30) (actual time=1.229..14.318 rows=4044 loops=1)
                                                   Buffers: shared hit=1838 read=13
                                                   ->  Seq Scan on nation  (cost=0.00..1.31 rows=1 width=4) (actual time=0.013..0.021 rows=1 loops=1)
                                                         Filter: (n_name = 'KENYA'::bpchar)
                                                         Rows Removed by Filter: 24
                                                         Buffers: shared hit=1
                                                   ->  Bitmap Heap Scan on supplier  (cost=79.29..2350.29 rows=4000 width=34) (actual time=1.210..13.506 rows=4044 loops=1)
                                                         Recheck Cond: (s_nationkey = nation.n_nationkey)
                                                         Heap Blocks: exact=1837
                                                         Buffers: shared hit=1837 read=13
                                                         ->  Bitmap Index Scan on supplier_s_nationkey_s_suppkey_idx  (cost=0.00..78.29 rows=4000 width=0) (actual time=0.925..0.925 rows=4044 loops=1)
                                                               Index Cond: (s_nationkey = nation.n_nationkey)
                                                               Buffers: shared read=13
                                 ->  Index Scan using pk_orders on orders  (cost=0.43..0.52 rows=1 width=4) (actual time=0.005..0.005 rows=0 loops=1536549)
                                       Index Cond: (o_orderkey = l1.l_orderkey)
                                       Filter: (o_orderstatus = 'F'::bpchar)
                                       Rows Removed by Filter: 1
                                       Buffers: shared hit=6150857 read=3674 dirtied=73 written=9
                           ->  Index Scan using pk_lineitem on lineitem l2  (cost=0.56..1.15 rows=15 width=8) (actual time=0.006..0.006 rows=1 loops=742188)
                                 Index Cond: (l_orderkey = l1.l_orderkey)
                                 Filter: (l_suppkey <> l1.l_suppkey)
                                 Rows Removed by Filter: 0
                                 Buffers: shared hit=3696855 read=19644 written=48
                     ->  Index Scan using lineitem_l_orderkey_idx_part1 on lineitem l3  (cost=0.56..0.91 rows=5 width=8) (actual time=0.004..0.004 rows=1 loops=715249)
                           Index Cond: (l_orderkey = l1.l_orderkey)
                           Filter: (l_suppkey <> l1.l_suppkey)
                           Rows Removed by Filter: 0
                           Buffers: shared hit=3584233 read=346 written=4
 Planning time: 10.548 ms
 Execution time: 47638.358 ms
(54 rows)

COMMIT;
COMMIT
